<?xml version="1.0" encoding="UTF-8"?>
<testng-results ignored="0" total="5" passed="5" failed="0" skipped="0">
  <reporter-output>
  </reporter-output>
  <suite started-at="2025-02-14T13:15:22 IST" name="Default suite" finished-at="2025-02-14T13:15:54 IST" duration-ms="31788">
    <groups>
      <group name="Smoke">
        <method signature="MakeMyTrip.searchFlight(java.util.HashMap)[pri:0, instance:TestScripts.MakeMyTrip@3febb011]" name="searchFlight" class="TestScripts.MakeMyTrip"/>
      </group> <!-- Smoke -->
    </groups>
    <test started-at="2025-02-14T13:15:22 IST" name="Default test" finished-at="2025-02-14T13:15:54 IST" duration-ms="31788">
      <class name="TestScripts.MakeMyTrip">
        <test-method is-config="true" signature="initializeDriver()[pri:0, instance:TestScripts.MakeMyTrip@3febb011]" started-at="2025-02-14T13:15:23 IST" name="initializeDriver" finished-at="2025-02-14T13:15:28 IST" duration-ms="4472" status="PASS">
          <reporter-output>
          </reporter-output>
        </test-method> <!-- initializeDriver -->
        <test-method signature="OpenWebsiteWithoutLogin(java.lang.String,java.lang.String,java.lang.String)[pri:0, instance:TestScripts.MakeMyTrip@3febb011]" started-at="2025-02-14T13:15:28 IST" name="OpenWebsiteWithoutLogin" data-provider="Excel" finished-at="2025-02-14T13:15:30 IST" duration-ms="2142" status="PASS">
          <params>
            <param index="0">
              <value>
                <![CDATA[huhuh]]>
              </value>
            </param>
            <param index="1">
              <value>
                <![CDATA[naveem]]>
              </value>
            </param>
            <param index="2">
              <value>
                <![CDATA[1.0]]>
              </value>
            </param>
          </params>
          <reporter-output>
          </reporter-output>
        </test-method> <!-- OpenWebsiteWithoutLogin -->
        <test-method is-config="true" signature="closeDriver()[pri:0, instance:TestScripts.MakeMyTrip@3febb011]" started-at="2025-02-14T13:15:30 IST" name="closeDriver" finished-at="2025-02-14T13:15:30 IST" duration-ms="292" status="PASS">
          <reporter-output>
          </reporter-output>
        </test-method> <!-- closeDriver -->
        <test-method is-config="true" signature="initializeDriver()[pri:0, instance:TestScripts.MakeMyTrip@3febb011]" started-at="2025-02-14T13:15:30 IST" name="initializeDriver" finished-at="2025-02-14T13:15:33 IST" duration-ms="2740" status="PASS">
          <reporter-output>
          </reporter-output>
        </test-method> <!-- initializeDriver -->
        <test-method signature="OpenWebsiteWithoutLogin(java.lang.String,java.lang.String,java.lang.String)[pri:0, instance:TestScripts.MakeMyTrip@3febb011]" started-at="2025-02-14T13:15:33 IST" name="OpenWebsiteWithoutLogin" data-provider="Excel" finished-at="2025-02-14T13:15:34 IST" duration-ms="1027" status="PASS">
          <params>
            <param index="0">
              <value>
                <![CDATA[kpkpkp]]>
              </value>
            </param>
            <param index="1">
              <value>
                <![CDATA[jijihi]]>
              </value>
            </param>
            <param index="2">
              <value>
                <![CDATA[2.0]]>
              </value>
            </param>
          </params>
          <reporter-output>
          </reporter-output>
        </test-method> <!-- OpenWebsiteWithoutLogin -->
        <test-method is-config="true" signature="closeDriver()[pri:0, instance:TestScripts.MakeMyTrip@3febb011]" started-at="2025-02-14T13:15:34 IST" name="closeDriver" finished-at="2025-02-14T13:15:34 IST" duration-ms="273" status="PASS">
          <reporter-output>
          </reporter-output>
        </test-method> <!-- closeDriver -->
        <test-method is-config="true" signature="initializeDriver()[pri:0, instance:TestScripts.MakeMyTrip@3febb011]" started-at="2025-02-14T13:15:34 IST" name="initializeDriver" finished-at="2025-02-14T13:15:36 IST" duration-ms="2130" status="PASS">
          <reporter-output>
          </reporter-output>
        </test-method> <!-- initializeDriver -->
        <test-method signature="searchFlight(java.util.HashMap)[pri:0, instance:TestScripts.MakeMyTrip@3febb011]" started-at="2025-02-14T13:15:36 IST" name="searchFlight" data-provider="JSON" finished-at="2025-02-14T13:15:39 IST" duration-ms="2978" status="PASS">
          <params>
            <param index="0">
              <value>
                <![CDATA[{password=Iamking@000, product=ZARA COAT 3, email=anshika@gmail.com}]]>
              </value>
            </param>
          </params>
          <reporter-output>
          </reporter-output>
        </test-method> <!-- searchFlight -->
        <test-method is-config="true" signature="closeDriver()[pri:0, instance:TestScripts.MakeMyTrip@3febb011]" started-at="2025-02-14T13:15:39 IST" name="closeDriver" finished-at="2025-02-14T13:15:40 IST" duration-ms="266" status="PASS">
          <reporter-output>
          </reporter-output>
        </test-method> <!-- closeDriver -->
        <test-method is-config="true" signature="initializeDriver()[pri:0, instance:TestScripts.MakeMyTrip@3febb011]" started-at="2025-02-14T13:15:40 IST" name="initializeDriver" finished-at="2025-02-14T13:15:42 IST" duration-ms="2276" status="PASS">
          <reporter-output>
          </reporter-output>
        </test-method> <!-- initializeDriver -->
        <test-method signature="searchFlight(java.util.HashMap)[pri:0, instance:TestScripts.MakeMyTrip@3febb011]" started-at="2025-02-14T13:15:42 IST" name="searchFlight" data-provider="JSON" finished-at="2025-02-14T13:15:46 IST" duration-ms="3996" status="PASS">
          <params>
            <param index="0">
              <value>
                <![CDATA[{password=Iamking@000, product=ADIDAS ORIGINAL, email=shetty@gmail.com}]]>
              </value>
            </param>
          </params>
          <reporter-output>
          </reporter-output>
        </test-method> <!-- searchFlight -->
        <test-method is-config="true" signature="closeDriver()[pri:0, instance:TestScripts.MakeMyTrip@3febb011]" started-at="2025-02-14T13:15:46 IST" name="closeDriver" finished-at="2025-02-14T13:15:46 IST" duration-ms="344" status="PASS">
          <reporter-output>
          </reporter-output>
        </test-method> <!-- closeDriver -->
        <test-method is-config="true" signature="initializeDriver()[pri:0, instance:TestScripts.MakeMyTrip@3febb011]" started-at="2025-02-14T13:15:46 IST" name="initializeDriver" finished-at="2025-02-14T13:15:49 IST" duration-ms="2274" status="PASS">
          <reporter-output>
          </reporter-output>
        </test-method> <!-- initializeDriver -->
        <test-method signature="searchHotel()[pri:0, instance:TestScripts.MakeMyTrip@3febb011]" started-at="2025-02-14T13:15:49 IST" name="searchHotel" finished-at="2025-02-14T13:15:54 IST" depends-on-methods="TestScripts.MakeMyTrip.OpenWebsiteWithoutLogin" duration-ms="5001" status="PASS">
          <reporter-output>
          </reporter-output>
        </test-method> <!-- searchHotel -->
        <test-method is-config="true" signature="closeDriver()[pri:0, instance:TestScripts.MakeMyTrip@3febb011]" started-at="2025-02-14T13:15:54 IST" name="closeDriver" finished-at="2025-02-14T13:15:54 IST" duration-ms="206" status="PASS">
          <reporter-output>
          </reporter-output>
        </test-method> <!-- closeDriver -->
      </class> <!-- TestScripts.MakeMyTrip -->
    </test> <!-- Default test -->
  </suite> <!-- Default suite -->
</testng-results>
