<?xml version="1.0" encoding="UTF-8"?>
<testng-results ignored="0" total="1" passed="1" failed="0" skipped="0">
  <reporter-output>
  </reporter-output>
  <suite started-at="2025-02-07T19:48:47 IST" name="Default suite" finished-at="2025-02-07T19:48:58 IST" duration-ms="11120">
    <groups>
    </groups>
    <test started-at="2025-02-07T19:48:47 IST" name="Default test" finished-at="2025-02-07T19:48:58 IST" duration-ms="11120">
      <class name="TestScripts.Demotest2">
        <test-method is-config="true" signature="initiateBrowser()[pri:0, instance:TestScripts.Demotest2@22ff4249]" started-at="2025-02-07T19:48:47 IST" name="initiateBrowser" finished-at="2025-02-07T19:48:51 IST" duration-ms="3264" status="PASS">
          <reporter-output>
          </reporter-output>
        </test-method> <!-- initiateBrowser -->
        <test-method signature="shouldAnswerWithTrue()[pri:0, instance:TestScripts.Demotest2@22ff4249]" started-at="2025-02-07T19:48:51 IST" name="shouldAnswerWithTrue" finished-at="2025-02-07T19:48:58 IST" duration-ms="7337" status="PASS">
          <reporter-output>
          </reporter-output>
        </test-method> <!-- shouldAnswerWithTrue -->
        <test-method is-config="true" signature="close()[pri:0, instance:TestScripts.Demotest2@22ff4249]" started-at="2025-02-07T19:48:58 IST" name="close" finished-at="2025-02-07T19:48:58 IST" duration-ms="444" status="PASS">
          <reporter-output>
          </reporter-output>
        </test-method> <!-- close -->
      </class> <!-- TestScripts.Demotest2 -->
    </test> <!-- Default test -->
  </suite> <!-- Default suite -->
</testng-results>
