<?xml version="1.0" encoding="UTF-8"?>
<!-- Generated by org.testng.reporters.JUnitXMLReporter -->
<testsuite ignored="1" hostname="DESKTOP-3HV04S5" failures="0" tests="1" name="Default test" time="8.274" errors="0" timestamp="2025-02-20T20:35:33 IST">
  <testcase classname="TestScripts.BrokenLinkTest" name="checkActions" time="3.095"/>
  <testcase classname="TestScripts.BrokenLinkTest" name="checkBrokenLinks" time="0.0">
    <ignored/>
  </testcase> <!-- checkBrokenLinks -->
</testsuite> <!-- Default test -->
