<?xml version="1.0" encoding="UTF-8"?>
<!-- Generated by org.testng.reporters.JUnitXMLReporter -->
<testsuite ignored="0" hostname="DESKTOP-3HV04S5" failures="0" tests="4" name="Default test" time="0.064" errors="0" timestamp="2025-02-18T20:16:04 IST">
  <testcase classname="TestScripts.ReverseArray" name="bubbleSort" time="0.011"/>
  <testcase classname="TestScripts.ReverseArray" name="removeandmerge" time="0.001"/>
  <testcase classname="TestScripts.ReverseArray" name="reverseArray" time="0.001"/>
  <testcase classname="TestScripts.ReverseArray" name="secondLargest" time="0.002"/>
</testsuite> <!-- Default test -->
