<?xml version="1.0" encoding="UTF-8"?>
<!-- Generated by org.testng.reporters.JUnitXMLReporter -->
<testsuite ignored="3" hostname="DESKTOP-3HV04S5" failures="0" tests="0" time="0.02" errors="0" timestamp="2025-02-14T15:33:38 IST">
  <testcase classname="TestScripts.Demo01" name="OpenWebsiteWithoutLogin" time="0.0">
    <ignored/>
  </testcase> <!-- OpenWebsiteWithoutLogin -->
  <testcase classname="TestScripts.Demo01" name="searchHotel" time="0.0">
    <ignored/>
  </testcase> <!-- searchHotel -->
  <testcase classname="TestScripts.Demo01" name="searchFlight" time="0.0">
    <ignored/>
  </testcase> <!-- searchFlight -->
</testsuite>
