<?xml version="1.0" encoding="UTF-8"?>
<!-- Generated by org.testng.reporters.JUnitXMLReporter -->
<testsuite ignored="2" hostname="DESKTOP-3HV04S5" failures="0" tests="2" name="MakeMyTrip_Tests" time="22.323" errors="0" timestamp="2025-02-13T14:14:29 IST">
  <testcase classname="TestScripts.MakeMyTrip" name="searchFlight" time="5.265"/>
  <testcase classname="TestScripts.MakeMyTrip" name="searchFlight" time="5.151"/>
  <testcase classname="TestScripts.MakeMyTrip" name="searchHotel" time="0.0">
    <ignored/>
  </testcase> <!-- searchHotel -->
  <testcase classname="TestScripts.MakeMyTrip" name="OpenWebsiteWithoutLogin" time="0.0">
    <ignored/>
  </testcase> <!-- OpenWebsiteWithoutLogin -->
</testsuite> <!-- MakeMyTrip_Tests -->
