<?xml version="1.0" encoding="UTF-8"?>
<!-- Generated by org.testng.reporters.JUnitXMLReporter -->
<testsuite ignored="5" hostname="DESKTOP-3HV04S5" failures="0" tests="4" name="SmokeTests" time="25.769" errors="0" timestamp="2025-02-19T19:24:12 IST">
  <testcase classname="TestScripts.MakeMyTripTest" name="searchFlightTest" time="5.363"/>
  <testcase classname="TestScripts.MakeMyTripTest" name="searchFlightTest" time="5.54"/>
  <testcase classname="TestScripts.ReverseArrayTest" name="reverseArray" time="0.002"/>
  <testcase classname="TestScripts.DuplicateElementsTest" name="identifyElement" time="0.002"/>
  <testcase classname="TestScripts.ReverseArrayTest" name="removeandmerge" time="0.0">
    <ignored/>
  </testcase> <!-- removeandmerge -->
  <testcase classname="TestScripts.MakeMyTripTest" name="OpenWebsiteWithoutLoginTest" time="0.0">
    <ignored/>
  </testcase> <!-- OpenWebsiteWithoutLoginTest -->
  <testcase classname="TestScripts.MakeMyTripTest" name="searchHotelTest" time="0.0">
    <ignored/>
  </testcase> <!-- searchHotelTest -->
  <testcase classname="TestScripts.ReverseArrayTest" name="bubbleSort" time="0.0">
    <ignored/>
  </testcase> <!-- bubbleSort -->
  <testcase classname="TestScripts.ReverseArrayTest" name="secondLargest" time="0.0">
    <ignored/>
  </testcase> <!-- secondLargest -->
</testsuite> <!-- SmokeTests -->
