<?xml version="1.0" encoding="UTF-8"?>
<!-- Generated by org.testng.reporters.JUnitXMLReporter -->
<testsuite ignored="0" hostname="DESKTOP-3HV04S5" failures="0" tests="3" name="Test" time="21.931" errors="0" timestamp="2025-02-07T19:26:06 IST">
  <testcase classname="JenkinTest.Jen01.dummyTest" name="shouldAnswerWithTrue" time="0.019"/>
  <testcase classname="JenkinTest.Jen01.TestNGtest" name="Test01" time="8.538"/>
  <testcase classname="JenkinTest.Jen01.OpenBrowserTest" name="openBRowser" time="13.233"/>
</testsuite> <!-- Test -->
